[17:56:45] [main/INFO] (Launcher) ModLauncher running: args [--launchTarget, forgeclientuserdev, --version, 21.0.167, --assetIndex, 1.21-17, --assetsDir, C:\Users\gummy\.gradle\caches\fabric-loom\assets, --gameDir, ., --fml.neoForgeVersion, 21.0.167, --fml.fmlVersion, 4.0.23, --fml.mcVersion, 1.21, --fml.neoFormVersion, 20240613.152323]
[17:56:45] [main/INFO] (Launcher) JVM identified as Oracle Corporation Java HotSpot(TM) 64-Bit Server VM 21.0.3+7-LTS-152
[17:56:45] [main/INFO] (Launcher) ModLauncher 11.0.4+main.d2e20e43 starting: java version 21.0.3 by Oracle Corporation; OS Windows 10 arch amd64 version 10.0
[17:56:45] [main/WARN] (FMLConfig) Configuration file C:\Users\gummy\IdeaProjects\MimicToolbox\neoforge\run\config\fml.toml is not correct. Correcting
[17:56:45] [main/INFO] (FMLConfig) Incorrect key [disableConfigWatcher] was corrected from null to false
[17:56:45] [main/INFO] (FMLConfig) Incorrect key [earlyWindowSkipGLVersions] was corrected from null to []
[17:56:45] [main/INFO] (FMLConfig) Incorrect key [earlyWindowSquir] was corrected from null to false
[17:56:45] [main/INFO] (ImmediateWindowHandler) Loading ImmediateWindowProvider fmlearlywindow
[17:56:45] [main/INFO] (EARLYDISPLAY) Trying GL version 4.6
[17:56:45] [main/INFO] (EARLYDISPLAY) Requested GL version 4.6 got version 4.6
[17:56:45] [main/INFO] (mixin) SpongePowered MIXIN Subsystem Version=0.8.6 Source=union:/C:/Users/gummy/.gradle/caches/modules-2/files-2.1/net.fabricmc/sponge-mixin/0.14.0+mixin.0.8.6/c265173c84346e9e5d42a2384b2b02bd39a4a899/sponge-mixin-0.14.0+mixin.0.8.6.jar%23123!/ Service=ModLauncher Env=CLIENT
[17:56:45] [main/INFO] (ModDiscoverer) Found mod file "neoforge-21.0.167-minecraft-merged-1.21-loom.mappings.1_21.layered+hash.151725720-v2-neoforge-21.0.167.jar" [locator: neoforge devenv provider ([C:\Users\gummy\.gradle\caches\fabric-loom\minecraftMaven\net\minecraft\neoforge-21.0.167-minecraft-merged\1.21-loom.mappings.1_21.layered+hash.151725720-v2-neoforge-21.0.167\neoforge-21.0.167-minecraft-merged-1.21-loom.mappings.1_21.layered+hash.151725720-v2-neoforge-21.0.167.jar])]
[17:56:45] [main/INFO] (ModDiscoverer) Found mod file "neoforge-21.0.167-minecraft-merged-1.21-loom.mappings.1_21.layered+hash.151725720-v2-neoforge-21.0.167.jar" [locator: neoforge devenv provider ([C:\Users\gummy\.gradle\caches\fabric-loom\minecraftMaven\net\minecraft\neoforge-21.0.167-minecraft-merged\1.21-loom.mappings.1_21.layered+hash.151725720-v2-neoforge-21.0.167\neoforge-21.0.167-minecraft-merged-1.21-loom.mappings.1_21.layered+hash.151725720-v2-neoforge-21.0.167.jar])]
[17:56:45] [main/INFO] (ModDiscoverer) Found mod file "main" [locator: userdev mods and services, reader: mod manifest]
[17:56:45] [pool-5-thread-1/INFO] (EARLYDISPLAY) GL info: NVIDIA GeForce RTX 4060/PCIe/SSE2 GL version 4.6.0 NVIDIA 566.14, NVIDIA Corporation
[17:56:45] [main/INFO] (ModDiscoverer) Found mod file "neoforge-21.0.167-minecraft-merged-1.21-loom.mappings.1_21.layered+hash.151725720-v2-neoforge-21.0.167.jar" [locator: userdev mods and services, reader: mod manifest]
[17:56:45] [main/INFO] (ModDiscoverer) Found mod file "architectury-neoforge-13.0.2.jar" [locator: userdev mods and services, reader: mod manifest]
[17:56:45] [main/INFO] (ModDiscoverer) Found mod file "kffmod-neoforge-5.6.0.jar" [locator: userdev mods and services, reader: mod manifest]
[17:56:45] [main/INFO] (ModDiscoverer) Found mod file "3079329427009665890.jar" [locator: userdev mods and services, reader: mod manifest]
[17:56:45] [main/INFO] (ModDiscoverer) Found gamelibrary file "mixinextras-neoforge-0.3.5.jar" [locator: userdev mods and services, reader: mod manifest]
[17:56:45] [main/INFO] (ModDiscoverer) Found library file "kfflang-neoforge-5.6.0.jar" [locator: userdev mods and services, reader: mod manifest]
[17:56:45] [main/INFO] (ModDiscoverer) Found gamelibrary file "kfflib-neoforge-5.6.0.jar" [locator: userdev mods and services, reader: mod manifest]
[17:56:45] [main/INFO] (ModDiscoverer) Found library file "kotlinforforge-neoforge-5.6.0-all.jar" [locator: userdev mods and services, reader: mod manifest]
[17:56:46] [main/WARN] (JarSelector) Attempted to select two dependency jars from JarJar which have the same identification: Nested Mod File  in Mod File: C:\Users\gummy\.gradle\caches\modules-2\files-2.1\thedarkcolour\kotlinforforge-neoforge\5.6.0\faa274002f55b90a77024ef0049342238df2344f\kotlinforforge-neoforge-5.6.0-all.jar and Nested Mod File  in Mod File: C:\Users\gummy\.gradle\caches\modules-2\files-2.1\thedarkcolour\kotlinforforge-neoforge\5.6.0\faa274002f55b90a77024ef0049342238df2344f\kotlinforforge-neoforge-5.6.0-all.jar. Using Nested Mod File  in Mod File: C:\Users\gummy\.gradle\caches\modules-2\files-2.1\thedarkcolour\kotlinforforge-neoforge\5.6.0\faa274002f55b90a77024ef0049342238df2344f\kotlinforforge-neoforge-5.6.0-all.jar
[17:56:46] [main/WARN] (JarSelector) Attempted to select a dependency jar for JarJar which was passed in as source: mixinextras-neoforge-0.3.5.jar. Using Mod File: C:\Users\gummy\.gradle\caches\modules-2\files-2.1\io.github.llamalad7\mixinextras-neoforge\0.3.5\ef3ffcf309dae656517b2f120189b1c9b21737dd\mixinextras-neoforge-0.3.5.jar
[17:56:46] [main/INFO] (JarInJarDependencyLocator) Found 8 dependencies adding them to mods collection
[17:56:46] [main/INFO] (ModDiscoverer) Found library file "kotlinx-coroutines-core-jvm-1.9.0.jar" [parent: kotlinforforge-neoforge-5.6.0-all.jar, locator: jarinjar]
[17:56:46] [main/INFO] (ModDiscoverer) Found library file "kotlin-reflect-2.0.21.jar" [parent: kotlinforforge-neoforge-5.6.0-all.jar, locator: jarinjar]
[17:56:46] [main/INFO] (ModDiscoverer) Found library file "kotlin-stdlib-jdk7-2.0.21.jar" [parent: kotlinforforge-neoforge-5.6.0-all.jar, locator: jarinjar]
[17:56:46] [main/INFO] (ModDiscoverer) Found library file "kotlin-stdlib-jdk8-2.0.21.jar" [parent: kotlinforforge-neoforge-5.6.0-all.jar, locator: jarinjar]
[17:56:46] [main/INFO] (ModDiscoverer) Found library file "kotlinx-coroutines-jdk8-1.9.0.jar" [parent: kotlinforforge-neoforge-5.6.0-all.jar, locator: jarinjar]
[17:56:46] [main/INFO] (ModDiscoverer) Found library file "kotlinx-serialization-json-jvm-1.7.3.jar" [parent: kotlinforforge-neoforge-5.6.0-all.jar, locator: jarinjar]
[17:56:46] [main/INFO] (ModDiscoverer) Found library file "kotlin-stdlib-2.0.21.jar" [parent: kotlinforforge-neoforge-5.6.0-all.jar, locator: jarinjar]
[17:56:46] [main/INFO] (ModDiscoverer) Found library file "kotlinx-serialization-core-jvm-1.7.3.jar" [parent: kotlinforforge-neoforge-5.6.0-all.jar, locator: jarinjar]
[17:56:46] [main/INFO] (FMLServiceProvider) Loading coremod script-engine for [neoforge]
[17:56:47] [main/INFO] (mixin) Compatibility level set to JAVA_21
[17:56:47] [main/INFO] (LaunchServiceHandler) Launching target 'forgeclientuserdev' with arguments [--version, 21.0.167, --gameDir, ., --assetsDir, C:\Users\gummy\.gradle\caches\fabric-loom\assets, --assetIndex, 1.21-17]
[17:56:47] [main/INFO] (unprotect) Found 8262 Minecraft classes
[17:56:47] [main/INFO] (MixinExtras|Service) Initializing MixinExtras via com.llamalad7.mixinextras.service.MixinExtrasServiceImpl(version=0.3.5).
[1611月2024 17:56:49.382] [Datafixer Bootstrap/INFO] [com.mojang.datafixers.DataFixerBuilder/]: 229 Datafixer optimizations took 422 milliseconds
[1611月2024 17:56:53.997] [main/WARN] [net.minecraft.server.command.CommandManager/]: Ambiguity between arguments [teleport, location] and [teleport, destination] with inputs: [0.1 -0.5 .9, 0 0 0]
[1611月2024 17:56:53.998] [main/WARN] [net.minecraft.server.command.CommandManager/]: Ambiguity between arguments [teleport, location] and [teleport, targets] with inputs: [0.1 -0.5 .9, 0 0 0]
[1611月2024 17:56:54.000] [main/WARN] [net.minecraft.server.command.CommandManager/]: Ambiguity between arguments [teleport, destination] and [teleport, targets] with inputs: [Player, 0123, @e, dd12be42-52a9-4a91-a8a1-11c01849e498]
[1611月2024 17:56:54.001] [main/WARN] [net.minecraft.server.command.CommandManager/]: Ambiguity between arguments [teleport, targets] and [teleport, destination] with inputs: [Player, 0123, dd12be42-52a9-4a91-a8a1-11c01849e498]
[1611月2024 17:56:54.002] [main/WARN] [net.minecraft.server.command.CommandManager/]: Ambiguity between arguments [teleport, targets, location] and [teleport, targets, destination] with inputs: [0.1 -0.5 .9, 0 0 0]
[1611月2024 17:56:54.105] [Render thread/WARN] [net.minecraft.resource.DefaultResourcePackBuilder/]: Assets URL 'union:/C:/Users/gummy/.gradle/caches/fabric-loom/minecraftMaven/net/minecraft/neoforge-21.0.167-minecraft-merged/1.21-loom.mappings.1_21.layered+hash.151725720-v2-neoforge-21.0.167/neoforge-21.0.167-minecraft-merged-1.21-loom.mappings.1_21.layered+hash.151725720-v2-neoforge-21.0.167.jar%23191!/assets/.mcassetsroot' uses unexpected schema
[1611月2024 17:56:54.105] [Render thread/WARN] [net.minecraft.resource.DefaultResourcePackBuilder/]: Assets URL 'union:/C:/Users/gummy/.gradle/caches/fabric-loom/minecraftMaven/net/minecraft/neoforge-21.0.167-minecraft-merged/1.21-loom.mappings.1_21.layered+hash.151725720-v2-neoforge-21.0.167/neoforge-21.0.167-minecraft-merged-1.21-loom.mappings.1_21.layered+hash.151725720-v2-neoforge-21.0.167.jar%23191!/data/.mcassetsroot' uses unexpected schema
[1611月2024 17:56:54.139] [Render thread/INFO] [com.mojang.authlib.yggdrasil.YggdrasilAuthenticationService/]: Environment: Environment[sessionHost=https://sessionserver.mojang.com, servicesHost=https://api.minecraftservices.com, name=PROD]
[1611月2024 17:56:54.150] [Render thread/INFO] [net.minecraft.client.MinecraftClient/]: Setting user: Dev
[1611月2024 17:56:54.201] [Render thread/INFO] [net.minecraft.client.MinecraftClient/]: Backend library: LWJGL version 3.3.3+5
[1611月2024 17:56:54.471] [modloading-worker-0/INFO] [net.neoforged.neoforge.common.NeoForgeMod/NEOFORGE-MOD]: NeoForge mod loading, version 21.0.167, for MC 1.21
[1611月2024 17:56:54.662] [modloading-worker-0/INFO] [thedarkcolour.kotlinforforge.neoforge.test.KotlinForForge/]: Kotlin For Forge Enabled!
[1611月2024 17:56:55.272] [Render thread/INFO] [net.neoforged.neoforge.gametest.GameTestHooks/]: Enabled Gametest Namespaces: []
[1611月2024 17:56:55.359] [Render thread/INFO] [net.minecraft.resource.ReloadableResourceManagerImpl/]: Reloading ResourceManager: vanilla, mod_resources, mod/generated_6bb7e44, mod/kotlinforforge, mod/architectury, mod/neoforge, mod/mimictoolbox
[1611月2024 17:56:55.466] [Worker-Main-13/INFO] [net.minecraft.client.font.UnihexFont/]: Found unifont_all_no_pua-15.1.05.hex, loading
[1611月2024 17:56:55.482] [Worker-Main-2/INFO] [net.minecraft.client.font.UnihexFont/]: Found unifont_jp_patch-15.1.05.hex, loading
[1611月2024 17:56:56.718] [Render thread/WARN] [net.minecraft.client.sound.SoundSystem/]: Missing sound for event: minecraft:item.goat_horn.play
[1611月2024 17:56:56.718] [Render thread/WARN] [net.minecraft.client.sound.SoundSystem/]: Missing sound for event: minecraft:entity.goat.screaming.horn_break
[1611月2024 17:56:56.745] [Render thread/INFO] [net.minecraft.client.sound.SoundEngine/]: OpenAL initialized on device OpenAL Soft on スピーカー (3- High Definition Audio Device)
[1611月2024 17:56:56.746] [Render thread/INFO] [net.minecraft.client.sound.SoundSystem/SOUNDS]: Sound engine started
[1611月2024 17:56:56.837] [Render thread/INFO] [net.minecraft.client.texture.SpriteAtlasTexture/]: Created: 1024x512x4 minecraft:textures/atlas/blocks.png-atlas
[1611月2024 17:56:56.844] [Render thread/INFO] [net.minecraft.client.texture.SpriteAtlasTexture/]: Created: 256x256x4 minecraft:textures/atlas/signs.png-atlas
[1611月2024 17:56:56.844] [Render thread/INFO] [net.minecraft.client.texture.SpriteAtlasTexture/]: Created: 512x512x4 minecraft:textures/atlas/banner_patterns.png-atlas
[1611月2024 17:56:56.844] [Render thread/INFO] [net.minecraft.client.texture.SpriteAtlasTexture/]: Created: 512x512x4 minecraft:textures/atlas/shield_patterns.png-atlas
[1611月2024 17:56:56.845] [Render thread/INFO] [net.minecraft.client.texture.SpriteAtlasTexture/]: Created: 1024x1024x4 minecraft:textures/atlas/armor_trims.png-atlas
[1611月2024 17:56:56.848] [Render thread/INFO] [net.minecraft.client.texture.SpriteAtlasTexture/]: Created: 256x256x4 minecraft:textures/atlas/chest.png-atlas
[1611月2024 17:56:56.849] [Render thread/INFO] [net.minecraft.client.texture.SpriteAtlasTexture/]: Created: 128x64x4 minecraft:textures/atlas/decorated_pot.png-atlas
[1611月2024 17:56:56.849] [Render thread/INFO] [net.minecraft.client.texture.SpriteAtlasTexture/]: Created: 512x256x4 minecraft:textures/atlas/beds.png-atlas
[1611月2024 17:56:56.849] [Render thread/INFO] [net.minecraft.client.texture.SpriteAtlasTexture/]: Created: 512x256x4 minecraft:textures/atlas/shulker_boxes.png-atlas
[1611月2024 17:56:57.046] [Render thread/INFO] [net.minecraft.client.texture.SpriteAtlasTexture/]: Created: 512x256x0 minecraft:textures/atlas/particles.png-atlas
[1611月2024 17:56:57.048] [Render thread/INFO] [net.minecraft.client.texture.SpriteAtlasTexture/]: Created: 512x256x0 minecraft:textures/atlas/paintings.png-atlas
[1611月2024 17:56:57.048] [Render thread/INFO] [net.minecraft.client.texture.SpriteAtlasTexture/]: Created: 256x128x0 minecraft:textures/atlas/mob_effects.png-atlas
[1611月2024 17:56:57.049] [Render thread/INFO] [net.minecraft.client.texture.SpriteAtlasTexture/]: Created: 64x64x0 minecraft:textures/atlas/map_decorations.png-atlas
[1611月2024 17:56:57.049] [Render thread/INFO] [net.minecraft.client.texture.SpriteAtlasTexture/]: Created: 1024x512x0 minecraft:textures/atlas/gui.png-atlas
[1611月2024 17:56:57.074] [Render thread/WARN] [net.minecraft.client.gl.ShaderProgram/]: Shader rendertype_entity_translucent_emissive could not find sampler named Sampler2 in the specified shader program.
[1611月2024 17:57:02.781] [Render thread/INFO] [net.minecraft.resource.ReloadableResourceManagerImpl/]: Reloading ResourceManager: vanilla, mod_resources, mod/generated_6bb7e44, mod/kotlinforforge, mod/architectury, mod/neoforge, mod/mimictoolbox
[1611月2024 17:57:02.784] [Worker-Main-15/INFO] [net.minecraft.client.font.UnihexFont/]: Found unifont_all_no_pua-15.1.05.hex, loading
[1611月2024 17:57:02.801] [Worker-Main-13/INFO] [net.minecraft.client.font.UnihexFont/]: Found unifont_jp_patch-15.1.05.hex, loading
[1611月2024 17:57:03.448] [Render thread/WARN] [net.minecraft.client.sound.SoundSystem/]: Missing sound for event: minecraft:item.goat_horn.play
[1611月2024 17:57:03.449] [Render thread/WARN] [net.minecraft.client.sound.SoundSystem/]: Missing sound for event: minecraft:entity.goat.screaming.horn_break
[1611月2024 17:57:03.472] [Render thread/INFO] [net.minecraft.client.sound.SoundEngine/]: OpenAL initialized on device OpenAL Soft on スピーカー (3- High Definition Audio Device)
[1611月2024 17:57:03.473] [Render thread/INFO] [net.minecraft.client.sound.SoundSystem/SOUNDS]: Sound engine started
[1611月2024 17:57:03.538] [Render thread/INFO] [net.minecraft.client.texture.SpriteAtlasTexture/]: Created: 1024x512x4 minecraft:textures/atlas/blocks.png-atlas
[1611月2024 17:57:03.541] [Render thread/INFO] [net.minecraft.client.texture.SpriteAtlasTexture/]: Created: 256x256x4 minecraft:textures/atlas/signs.png-atlas
[1611月2024 17:57:03.542] [Render thread/INFO] [net.minecraft.client.texture.SpriteAtlasTexture/]: Created: 512x512x4 minecraft:textures/atlas/banner_patterns.png-atlas
[1611月2024 17:57:03.542] [Render thread/INFO] [net.minecraft.client.texture.SpriteAtlasTexture/]: Created: 512x512x4 minecraft:textures/atlas/shield_patterns.png-atlas
[1611月2024 17:57:03.542] [Render thread/INFO] [net.minecraft.client.texture.SpriteAtlasTexture/]: Created: 1024x1024x4 minecraft:textures/atlas/armor_trims.png-atlas
[1611月2024 17:57:03.545] [Render thread/INFO] [net.minecraft.client.texture.SpriteAtlasTexture/]: Created: 256x256x4 minecraft:textures/atlas/chest.png-atlas
[1611月2024 17:57:03.545] [Render thread/INFO] [net.minecraft.client.texture.SpriteAtlasTexture/]: Created: 128x64x4 minecraft:textures/atlas/decorated_pot.png-atlas
[1611月2024 17:57:03.545] [Render thread/INFO] [net.minecraft.client.texture.SpriteAtlasTexture/]: Created: 512x256x4 minecraft:textures/atlas/beds.png-atlas
[1611月2024 17:57:03.545] [Render thread/INFO] [net.minecraft.client.texture.SpriteAtlasTexture/]: Created: 512x256x4 minecraft:textures/atlas/shulker_boxes.png-atlas
[1611月2024 17:57:03.554] [Render thread/INFO] [net.minecraft.client.texture.SpriteAtlasTexture/]: Created: 512x256x0 minecraft:textures/atlas/particles.png-atlas
[1611月2024 17:57:03.554] [Render thread/INFO] [net.minecraft.client.texture.SpriteAtlasTexture/]: Created: 512x256x0 minecraft:textures/atlas/paintings.png-atlas
[1611月2024 17:57:03.555] [Render thread/INFO] [net.minecraft.client.texture.SpriteAtlasTexture/]: Created: 256x128x0 minecraft:textures/atlas/mob_effects.png-atlas
[1611月2024 17:57:03.555] [Render thread/INFO] [net.minecraft.client.texture.SpriteAtlasTexture/]: Created: 64x64x0 minecraft:textures/atlas/map_decorations.png-atlas
[1611月2024 17:57:03.555] [Render thread/INFO] [net.minecraft.client.texture.SpriteAtlasTexture/]: Created: 1024x512x0 minecraft:textures/atlas/gui.png-atlas
[1611月2024 17:57:03.567] [Render thread/WARN] [net.minecraft.client.gl.ShaderProgram/]: Shader rendertype_entity_translucent_emissive could not find sampler named Sampler2 in the specified shader program.
[1611月2024 17:57:12.915] [Render thread/INFO] [net.minecraft.client.MinecraftClient/]: Stopping!
